[20400:31868:0423/100458.637:WARNING:chrome_main_delegate.cc(745)] This is Chrome version 128.0.6613.138 (not a warning)
[20400:2396:0423/100458.820:ERROR:google_update_settings.cc(265)] Failed opening key Software\Chromium to set usagestats; result: 5
[20400:31868:0423/100458.905:WARNING:account_consistency_mode_manager.cc(77)] Desktop Identity Consistency cannot be enabled as no OAuth client ID and client secret have been configured.
[20400:31868:0423/100548.504:WARNING:external_registry_loader_win.cc(232)] Error observing HKLM: 5
[23544:6428:0423/100549.670:WARNING:frame_impl.cc(430)] virtual CefFrameImpl::SendProcessMessage sent to detached frame 5-B73CDDEC4B2EE7636199FDA07298CB40 will be ignored
[23144:17976:0423/100617.496:ERROR:ffmpeg_common.cc(965)] Unsupported pixel format: -1
[20400:31868:0423/100618.428:ERROR:page_load_metrics_update_dispatcher.cc(179)] Invalid first_paint (unset) for first_image_paint 26.737 s
[20400:31868:0423/100618.431:ERROR:page_load_metrics_update_dispatcher.cc(179)] Invalid first_paint 26.91 s for first_image_paint 26.737 s
[20400:31868:0423/100619.415:ERROR:page_load_metrics_update_dispatcher.cc(179)] Invalid first_paint 26.91 s for first_image_paint 26.737 s
[20400:31868:0423/100619.415:ERROR:page_load_metrics_update_dispatcher.cc(179)] Invalid first_paint 26.91 s for first_image_paint 26.737 s
[20400:31868:0423/100619.752:ERROR:page_load_metrics_update_dispatcher.cc(179)] Invalid first_paint 26.91 s for first_image_paint 26.737 s
[20400:31868:0423/100619.753:ERROR:page_load_metrics_update_dispatcher.cc(179)] Invalid first_paint 26.91 s for first_image_paint 26.737 s
[20400:31868:0423/100619.753:ERROR:page_load_metrics_update_dispatcher.cc(179)] Invalid first_paint 26.91 s for first_image_paint 26.737 s
[20400:31868:0423/100620.086:ERROR:page_load_metrics_update_dispatcher.cc(179)] Invalid first_paint 26.91 s for first_image_paint 26.737 s
[20400:31868:0423/100620.086:ERROR:page_load_metrics_update_dispatcher.cc(179)] Invalid first_paint 26.91 s for first_image_paint 26.737 s
[20400:31868:0423/100620.086:ERROR:page_load_metrics_update_dispatcher.cc(179)] Invalid first_paint 26.91 s for first_image_paint 26.737 s
[20400:31868:0423/100620.087:ERROR:page_load_metrics_update_dispatcher.cc(179)] Invalid first_paint 26.91 s for first_image_paint 26.737 s
[20400:31868:0423/100620.417:ERROR:page_load_metrics_update_dispatcher.cc(179)] Invalid first_paint 26.91 s for first_image_paint 26.737 s
[20400:31868:0423/100620.418:ERROR:page_load_metrics_update_dispatcher.cc(179)] Invalid first_paint 26.91 s for first_image_paint 26.737 s
[20400:31868:0423/100620.418:ERROR:page_load_metrics_update_dispatcher.cc(179)] Invalid first_paint 26.91 s for first_image_paint 26.737 s
[20400:31868:0423/100620.753:ERROR:page_load_metrics_update_dispatcher.cc(179)] Invalid first_paint 26.91 s for first_image_paint 26.737 s
[20400:31868:0423/100620.753:ERROR:page_load_metrics_update_dispatcher.cc(179)] Invalid first_paint 26.91 s for first_image_paint 26.737 s
[20400:31868:0423/100620.753:ERROR:page_load_metrics_update_dispatcher.cc(179)] Invalid first_paint 26.91 s for first_image_paint 26.737 s
[20400:31868:0423/100621.087:ERROR:page_load_metrics_update_dispatcher.cc(179)] Invalid first_paint 26.91 s for first_image_paint 26.737 s
[20400:31868:0423/100621.087:ERROR:page_load_metrics_update_dispatcher.cc(179)] Invalid first_paint 26.91 s for first_image_paint 26.737 s
[20400:31868:0423/100621.088:ERROR:page_load_metrics_update_dispatcher.cc(179)] Invalid first_paint 26.91 s for first_image_paint 26.737 s
[27736:28104:0423/100621.331:ERROR:ffmpeg_common.cc(965)] Unsupported pixel format: -1
[20400:31868:0423/100621.423:ERROR:page_load_metrics_update_dispatcher.cc(179)] Invalid first_paint 26.91 s for first_image_paint 26.737 s
[20400:31868:0423/100621.756:ERROR:page_load_metrics_update_dispatcher.cc(179)] Invalid first_paint 26.91 s for first_image_paint 26.737 s
[20400:31868:0423/100621.758:ERROR:page_load_metrics_update_dispatcher.cc(179)] Invalid first_paint 26.91 s for first_image_paint 26.737 s
[20400:31868:0423/100622.102:ERROR:page_load_metrics_update_dispatcher.cc(179)] Invalid first_paint 26.91 s for first_image_paint 26.737 s
[20400:31868:0423/100622.422:ERROR:page_load_metrics_update_dispatcher.cc(179)] Invalid first_paint 26.91 s for first_image_paint 26.737 s
[20400:31868:0423/100622.762:ERROR:page_load_metrics_update_dispatcher.cc(179)] Invalid first_paint 26.91 s for first_image_paint 26.737 s
[20400:31868:0423/100622.763:ERROR:page_load_metrics_update_dispatcher.cc(179)] Invalid first_paint 26.91 s for first_image_paint 26.737 s
[20400:31868:0423/100623.104:ERROR:page_load_metrics_update_dispatcher.cc(179)] Invalid first_paint 26.91 s for first_image_paint 26.737 s
[20400:31868:0423/100623.261:ERROR:page_load_metrics_update_dispatcher.cc(179)] Invalid first_paint 26.91 s for first_image_paint 26.737 s
[20400:31868:0423/100623.394:ERROR:page_load_metrics_update_dispatcher.cc(179)] Invalid first_paint 26.91 s for first_image_paint 26.737 s
[20400:31868:0423/100623.714:ERROR:page_load_metrics_update_dispatcher.cc(179)] Invalid first_paint 26.91 s for first_image_paint 26.737 s
[20400:31868:0423/100623.719:ERROR:page_load_metrics_update_dispatcher.cc(179)] Invalid first_paint 26.91 s for first_image_paint 26.737 s
[20400:31868:0423/100623.836:ERROR:page_load_metrics_update_dispatcher.cc(179)] Invalid first_paint 26.91 s for first_image_paint 26.737 s
[20400:31868:0423/100624.093:ERROR:page_load_metrics_update_dispatcher.cc(179)] Invalid first_paint 26.91 s for first_image_paint 26.737 s
[20400:31868:0423/100624.095:ERROR:page_load_metrics_update_dispatcher.cc(179)] Invalid first_paint 26.91 s for first_image_paint 26.737 s
[20400:31868:0423/100624.227:ERROR:page_load_metrics_update_dispatcher.cc(179)] Invalid first_paint 26.91 s for first_image_paint 26.737 s
[20400:31868:0423/100624.359:ERROR:page_load_metrics_update_dispatcher.cc(179)] Invalid first_paint 26.91 s for first_image_paint 26.737 s
[20400:31868:0423/100624.594:ERROR:page_load_metrics_update_dispatcher.cc(179)] Invalid first_paint 26.91 s for first_image_paint 26.737 s
[20400:31868:0423/100624.734:ERROR:page_load_metrics_update_dispatcher.cc(179)] Invalid first_paint 26.91 s for first_image_paint 26.737 s
[20400:31868:0423/100625.006:ERROR:page_load_metrics_update_dispatcher.cc(179)] Invalid first_paint 26.91 s for first_image_paint 26.737 s
[20400:31868:0423/100625.100:ERROR:page_load_metrics_update_dispatcher.cc(179)] Invalid first_paint 26.91 s for first_image_paint 26.737 s
[20400:31868:0423/100625.309:ERROR:page_load_metrics_update_dispatcher.cc(179)] Invalid first_paint 26.91 s for first_image_paint 26.737 s
[20400:31868:0423/100625.324:ERROR:page_load_metrics_update_dispatcher.cc(179)] Invalid first_paint 26.91 s for first_image_paint 26.737 s
[20400:31868:0423/100625.442:ERROR:page_load_metrics_update_dispatcher.cc(179)] Invalid first_paint 26.91 s for first_image_paint 26.737 s
[20400:31868:0423/100625.636:ERROR:page_load_metrics_update_dispatcher.cc(179)] Invalid first_paint 26.91 s for first_image_paint 26.737 s
[20400:31868:0423/100816.878:ERROR:gpu_process_host.cc(1007)] GPU process exited unexpectedly: exit_code=2
[20400:31868:0423/100816.878:WARNING:gpu_process_host.cc(1441)] The GPU process has crashed 1 time(s)
[20400:31868:0423/100822.075:WARNING:gpu_process_host.cc(1029)] Reinitialized the GPU process after a crash. The reported initialization time was 337 ms
[20400:31868:0423/100822.346:WARNING:pref_notifier_impl.cc(41)] Pref observer for media_router.cast_allow_all_ips found at shutdown.
